2023.06.26 10:17:11 WARN  es[][o.e.t.ThreadPool] timer thread slept for [15.6s/15654350900ns] on relative clock which is above the warn threshold of [5000ms]
2023.06.26 10:17:11 WARN  es[][o.e.t.ThreadPool] timer thread slept for [1.7d/150457253ms] on absolute clock which is above the warn threshold of [5000ms]
2023.06.24 16:52:17 WARN  es[][o.e.t.ThreadPool] absolute clock went backwards by [1.7d/149097147ms] while timer thread was sleeping
2023.06.26 10:12:54 WARN  es[][o.e.t.ThreadPool] timer thread slept for [16.3s/16331ms] on absolute clock which is above the warn threshold of [5000ms]
2023.06.26 10:12:54 WARN  es[][o.e.t.ThreadPool] timer thread slept for [16.3s/16330899000ns] on relative clock which is above the warn threshold of [5000ms]
2023.06.26 10:12:54 WARN  es[][o.e.t.ThreadPool] timer thread slept for [1.7d/148117422ms] on absolute clock which is above the warn threshold of [5000ms]
2023.06.26 11:37:58 WARN  es[][o.e.t.ThreadPool] timer thread slept for [43.1m/2586060ms] on absolute clock which is above the warn threshold of [5000ms]
2023.06.26 11:37:58 WARN  es[][o.e.t.ThreadPool] timer thread slept for [19.1s/19117312800ns] on relative clock which is above the warn threshold of [5000ms]
2023.06.26 12:22:32 WARN  es[][o.e.t.ThreadPool] timer thread slept for [9.4m/564179ms] on absolute clock which is above the warn threshold of [5000ms]
2023.06.26 12:22:32 WARN  es[][o.e.t.ThreadPool] timer thread slept for [20.2s/20249236300ns] on relative clock which is above the warn threshold of [5000ms]
2023.06.26 13:11:46 WARN  es[][o.e.t.ThreadPool] timer thread slept for [24.1s/24146ms] on absolute clock which is above the warn threshold of [5000ms]
2023.06.26 13:11:46 WARN  es[][o.e.t.ThreadPool] timer thread slept for [24.1s/24146494100ns] on relative clock which is above the warn threshold of [5000ms]
2023.06.26 14:10:44 WARN  es[][o.e.t.ThreadPool] timer thread slept for [58.9m/3537930ms] on absolute clock which is above the warn threshold of [5000ms]
2023.06.26 14:37:03 WARN  es[][o.e.t.ThreadPool] timer thread slept for [5.2m/312649ms] on absolute clock which is above the warn threshold of [5000ms]
2023.06.26 14:37:03 WARN  es[][o.e.t.ThreadPool] timer thread slept for [17.5s/17578184900ns] on relative clock which is above the warn threshold of [5000ms]
2023.06.26 16:45:56 WARN  es[][o.e.t.ThreadPool] timer thread slept for [41.1m/2471315ms] on absolute clock which is above the warn threshold of [5000ms]
2023.06.26 16:45:56 WARN  es[][o.e.t.ThreadPool] timer thread slept for [16.8s/16808253100ns] on relative clock which is above the warn threshold of [5000ms]
2023.06.26 17:17:47 WARN  es[][o.e.t.ThreadPool] timer thread slept for [17.6s/17644ms] on absolute clock which is above the warn threshold of [5000ms]
2023.06.26 17:17:47 WARN  es[][o.e.t.ThreadPool] timer thread slept for [17.6s/17643672500ns] on relative clock which is above the warn threshold of [5000ms]
2023.06.26 17:18:30 WARN  es[][o.e.t.ThreadPool] timer thread slept for [43.6s/43628ms] on absolute clock which is above the warn threshold of [5000ms]
